<?xml version="1.0" encoding="UTF-8"?>
<!-- Generated by org.testng.reporters.JUnitXMLReporter -->
<testsuite hostname="LTPCHE082076955" ignored="6" name="Test" tests="3" failures="0" timestamp="2020-06-25T14:13:19 IST" time="82.264" errors="0">
  <testcase name="launchApp" time="58.322" classname="com.mobileAuto.MobileAutomation"/>
  <testcase name="saveData" time="20.82" classname="com.mobileAuto.MobileAutomation"/>
  <testcase name="CloseApp" time="0.553" classname="com.mobileAuto.MobileAutomation"/>
  <testcase name="Navigation" time="0.0" classname="com.mobileAuto.MobileAutomation">
    <ignored/>
  </testcase> <!-- Navigation -->
  <testcase name="launchApp" time="0.0" classname="com.mobileAuto.MobileEmulatorAutomation">
    <ignored/>
  </testcase> <!-- launchApp -->
  <testcase name="ViewData" time="0.0" classname="com.mobileAuto.MobileAutomation">
    <ignored/>
  </testcase> <!-- ViewData -->
  <testcase name="CloseApp" time="0.0" classname="com.mobileAuto.MobileEmulatorAutomation">
    <ignored/>
  </testcase> <!-- CloseApp -->
  <testcase name="saveData" time="0.0" classname="com.mobileAuto.MobileEmulatorAutomation">
    <ignored/>
  </testcase> <!-- saveData -->
  <testcase name="launchBrowser" time="0.0" classname="com.mobileAuto.MobileAutomation">
    <ignored/>
  </testcase> <!-- launchBrowser -->
</testsuite> <!-- Test -->
