<?xml version="1.0" encoding="UTF-8"?>
<!-- Generated by org.testng.reporters.JUnitXMLReporter -->
<testsuite hostname="LTPCHE082076955" ignored="4" name="Test" tests="3" failures="0" timestamp="2020-06-25T12:15:53 IST" time="75.819" errors="0">
  <testcase name="launchApp" time="51.966" classname="com.mobileAuto.MobileAutomation"/>
  <testcase name="saveData" time="20.783" classname="com.mobileAuto.MobileAutomation"/>
  <testcase name="CloseApp" time="0.567" classname="com.mobileAuto.MobileAutomation"/>
  <testcase name="launchApp" time="0.0" classname="com.mobileAuto.MobileEmulatorAutomation">
    <ignored/>
  </testcase> <!-- launchApp -->
  <testcase name="CloseApp" time="0.0" classname="com.mobileAuto.MobileEmulatorAutomation">
    <ignored/>
  </testcase> <!-- CloseApp -->
  <testcase name="saveData" time="0.0" classname="com.mobileAuto.MobileEmulatorAutomation">
    <ignored/>
  </testcase> <!-- saveData -->
  <testcase name="launchBrowser" time="0.0" classname="com.mobileAuto.MobileAutomation">
    <ignored/>
  </testcase> <!-- launchBrowser -->
</testsuite> <!-- Test -->
