<?xml version="1.0" encoding="UTF-8"?>
<testng-results skipped="0" failed="0" ignored="4" total="7" passed="3">
  <reporter-output>
  </reporter-output>
  <suite name="Suite" duration-ms="75819" started-at="2020-06-25T12:14:37 IST" finished-at="2020-06-25T12:15:53 IST">
    <groups>
    </groups>
    <test name="Test" duration-ms="75819" started-at="2020-06-25T12:14:37 IST" finished-at="2020-06-25T12:15:53 IST">
      <class name="com.mobileAuto.MobileAutomation">
        <test-method status="PASS" signature="launchApp()[pri:1, instance:com.mobileAuto.MobileAutomation@4b44655e]" name="launchApp" duration-ms="51966" started-at="2020-06-25T12:14:37 IST" finished-at="2020-06-25T12:15:29 IST">
          <reporter-output>
          </reporter-output>
        </test-method> <!-- launchApp -->
        <test-method status="PASS" signature="saveData()[pri:2, instance:com.mobileAuto.MobileAutomation@4b44655e]" name="saveData" duration-ms="20783" started-at="2020-06-25T12:15:30 IST" finished-at="2020-06-25T12:15:50 IST">
          <reporter-output>
          </reporter-output>
        </test-method> <!-- saveData -->
        <test-method status="PASS" signature="CloseApp()[pri:3, instance:com.mobileAuto.MobileAutomation@4b44655e]" name="CloseApp" duration-ms="567" started-at="2020-06-25T12:15:51 IST" finished-at="2020-06-25T12:15:52 IST">
          <reporter-output>
          </reporter-output>
        </test-method> <!-- CloseApp -->
      </class> <!-- com.mobileAuto.MobileAutomation -->
    </test> <!-- Test -->
  </suite> <!-- Suite -->
</testng-results>
